<?xml version="1.0" encoding="UTF-8"?>
<testng-results ignored="0" total="2" passed="2" failed="0" skipped="0">
  <reporter-output>
    <line>
      <![CDATA[opening Browser]]>
    </line>
    <line>
      <![CDATA[Clicking on next button]]>
    </line>
    <line>
      <![CDATA[Clicking on next button]]>
    </line>
    <line>
      <![CDATA[entering age]]>
    </line>
    <line>
      <![CDATA[entering pincode]]>
    </line>
    <line>
      <![CDATA[entering mobile number]]>
    </line>
    <line>
      <![CDATA[Clicking on continue button]]>
    </line>
    <line>
      <![CDATA[ TC sortCheck execution is started]]>
    </line>
    <line>
      <![CDATA[ TC sortCheck execution is started]]>
    </line>
    <line>
      <![CDATA[Checking sort is displayed]]>
    </line>
    <line>
      <![CDATA[TC sortCheck is completed succesfull]]>
    </line>
    <line>
      <![CDATA[ TC sortCheck is completed succesfull]]>
    </line>
    <line>
      <![CDATA[opening Browser]]>
    </line>
    <line>
      <![CDATA[Clicking on next button]]>
    </line>
    <line>
      <![CDATA[Clicking on next button]]>
    </line>
    <line>
      <![CDATA[entering age]]>
    </line>
    <line>
      <![CDATA[entering pincode]]>
    </line>
    <line>
      <![CDATA[entering mobile number]]>
    </line>
    <line>
      <![CDATA[Clicking on continue button]]>
    </line>
    <line>
      <![CDATA[ TC validatingTC execution is started]]>
    </line>
    <line>
      <![CDATA[ TC validatingTC execution is started]]>
    </line>
    <line>
      <![CDATA[fetching number of result from text]]>
    </line>
    <line>
      <![CDATA[fetching number of result from banner]]>
    </line>
    <line>
      <![CDATA[TC validatingTC is completed succesfull]]>
    </line>
    <line>
      <![CDATA[ TC validatingTC is completed succesfull]]>
    </line>
  </reporter-output>
  <suite started-at="2024-01-18T10:22:12 IST" name="Suite" finished-at="2024-01-18T10:23:30 IST" duration-ms="78432">
    <groups>
    </groups>
    <test started-at="2024-01-18T10:22:12 IST" name="NEWTestNG" finished-at="2024-01-18T10:23:30 IST" duration-ms="78432">
      <class name="coverfoxTest.sorValida">
        <test-method is-config="true" signature="launchBrowser()[pri:0, instance:coverfoxTest.sorValida@e350b40]" started-at="2024-01-18T10:22:12 IST" name="launchBrowser" finished-at="2024-01-18T10:22:27 IST" duration-ms="14629" status="PASS">
          <reporter-output>
            <line>
              <![CDATA[opening Browser]]>
            </line>
          </reporter-output>
        </test-method> <!-- launchBrowser -->
        <test-method is-config="true" signature="beforeMethod()[pri:0, instance:coverfoxTest.sorValida@e350b40]" started-at="2024-01-18T10:22:27 IST" name="beforeMethod" finished-at="2024-01-18T10:22:44 IST" duration-ms="16866" status="PASS">
          <reporter-output>
            <line>
              <![CDATA[Clicking on next button]]>
            </line>
            <line>
              <![CDATA[Clicking on next button]]>
            </line>
            <line>
              <![CDATA[entering age]]>
            </line>
            <line>
              <![CDATA[entering pincode]]>
            </line>
            <line>
              <![CDATA[entering mobile number]]>
            </line>
            <line>
              <![CDATA[Clicking on continue button]]>
            </line>
          </reporter-output>
        </test-method> <!-- beforeMethod -->
        <test-method signature="sortCheck()[pri:0, instance:coverfoxTest.sorValida@e350b40]" started-at="2024-01-18T10:22:44 IST" name="sortCheck" finished-at="2024-01-18T10:22:47 IST" duration-ms="3127" status="PASS">
          <reporter-output>
            <line>
              <![CDATA[ TC sortCheck execution is started]]>
            </line>
            <line>
              <![CDATA[ TC sortCheck execution is started]]>
            </line>
            <line>
              <![CDATA[Checking sort is displayed]]>
            </line>
            <line>
              <![CDATA[TC sortCheck is completed succesfull]]>
            </line>
            <line>
              <![CDATA[ TC sortCheck is completed succesfull]]>
            </line>
          </reporter-output>
        </test-method> <!-- sortCheck -->
      </class> <!-- coverfoxTest.sorValida -->
      <class name="coverfoxTest.MainTestCoverfox">
        <test-method is-config="true" signature="launchBrowser()[pri:0, instance:coverfoxTest.MainTestCoverfox@60099951]" started-at="2024-01-18T10:22:47 IST" name="launchBrowser" finished-at="2024-01-18T10:22:53 IST" duration-ms="6537" status="PASS">
          <reporter-output>
            <line>
              <![CDATA[opening Browser]]>
            </line>
          </reporter-output>
        </test-method> <!-- launchBrowser -->
        <test-method is-config="true" signature="beforeMethod()[pri:0, instance:coverfoxTest.MainTestCoverfox@60099951]" started-at="2024-01-18T10:22:53 IST" name="beforeMethod" finished-at="2024-01-18T10:23:10 IST" duration-ms="16683" status="PASS">
          <reporter-output>
            <line>
              <![CDATA[Clicking on next button]]>
            </line>
            <line>
              <![CDATA[Clicking on next button]]>
            </line>
            <line>
              <![CDATA[entering age]]>
            </line>
            <line>
              <![CDATA[entering pincode]]>
            </line>
            <line>
              <![CDATA[entering mobile number]]>
            </line>
            <line>
              <![CDATA[Clicking on continue button]]>
            </line>
          </reporter-output>
        </test-method> <!-- beforeMethod -->
        <test-method signature="validatingTC()[pri:0, instance:coverfoxTest.MainTestCoverfox@60099951]" started-at="2024-01-18T10:23:10 IST" name="validatingTC" finished-at="2024-01-18T10:23:30 IST" duration-ms="20511" status="PASS">
          <reporter-output>
            <line>
              <![CDATA[ TC validatingTC execution is started]]>
            </line>
            <line>
              <![CDATA[ TC validatingTC execution is started]]>
            </line>
            <line>
              <![CDATA[fetching number of result from text]]>
            </line>
            <line>
              <![CDATA[fetching number of result from banner]]>
            </line>
            <line>
              <![CDATA[TC validatingTC is completed succesfull]]>
            </line>
            <line>
              <![CDATA[ TC validatingTC is completed succesfull]]>
            </line>
          </reporter-output>
        </test-method> <!-- validatingTC -->
      </class> <!-- coverfoxTest.MainTestCoverfox -->
    </test> <!-- NEWTestNG -->
  </suite> <!-- Suite -->
</testng-results>
