<?xml version="1.0" encoding="UTF-8"?>
<testng-results ignored="0" total="1" passed="1" failed="0" skipped="0">
  <reporter-output>
    <line>
      <![CDATA[opening Browser]]>
    </line>
    <line>
      <![CDATA[Clicking on next button]]>
    </line>
    <line>
      <![CDATA[Clicking on next button]]>
    </line>
    <line>
      <![CDATA[entering age]]>
    </line>
    <line>
      <![CDATA[entering pincode]]>
    </line>
    <line>
      <![CDATA[entering mobile number]]>
    </line>
    <line>
      <![CDATA[Clicking on continue button]]>
    </line>
    <line>
      <![CDATA[ TC validatingTC execution is started]]>
    </line>
    <line>
      <![CDATA[fetching number of result from text]]>
    </line>
    <line>
      <![CDATA[fetching number of result from banner]]>
    </line>
    <line>
      <![CDATA[ TC validatingTC is completed succesfull]]>
    </line>
  </reporter-output>
  <suite started-at="2024-01-20T13:19:58 IST" name="Default suite" finished-at="2024-01-20T13:20:41 IST" duration-ms="42938">
    <groups>
    </groups>
    <test started-at="2024-01-20T13:19:58 IST" name="Default test" finished-at="2024-01-20T13:20:41 IST" duration-ms="42938">
      <class name="coverfoxTest.MainTestCoverfox">
        <test-method is-config="true" signature="launchBrowser()[pri:0, instance:coverfoxTest.MainTestCoverfox@17f9d882]" started-at="2024-01-20T13:19:58 IST" name="launchBrowser" finished-at="2024-01-20T13:20:06 IST" duration-ms="8349" status="PASS">
          <reporter-output>
            <line>
              <![CDATA[opening Browser]]>
            </line>
          </reporter-output>
        </test-method> <!-- launchBrowser -->
        <test-method is-config="true" signature="beforeMethod()[pri:0, instance:coverfoxTest.MainTestCoverfox@17f9d882]" started-at="2024-01-20T13:20:06 IST" name="beforeMethod" finished-at="2024-01-20T13:20:23 IST" duration-ms="16615" status="PASS">
          <reporter-output>
            <line>
              <![CDATA[Clicking on next button]]>
            </line>
            <line>
              <![CDATA[Clicking on next button]]>
            </line>
            <line>
              <![CDATA[entering age]]>
            </line>
            <line>
              <![CDATA[entering pincode]]>
            </line>
            <line>
              <![CDATA[entering mobile number]]>
            </line>
            <line>
              <![CDATA[Clicking on continue button]]>
            </line>
          </reporter-output>
        </test-method> <!-- beforeMethod -->
        <test-method signature="validatingTC()[pri:0, instance:coverfoxTest.MainTestCoverfox@17f9d882]" started-at="2024-01-20T13:20:23 IST" name="validatingTC" finished-at="2024-01-20T13:20:41 IST" duration-ms="17881" status="PASS">
          <reporter-output>
            <line>
              <![CDATA[ TC validatingTC execution is started]]>
            </line>
            <line>
              <![CDATA[fetching number of result from text]]>
            </line>
            <line>
              <![CDATA[fetching number of result from banner]]>
            </line>
            <line>
              <![CDATA[ TC validatingTC is completed succesfull]]>
            </line>
          </reporter-output>
        </test-method> <!-- validatingTC -->
      </class> <!-- coverfoxTest.MainTestCoverfox -->
    </test> <!-- Default test -->
  </suite> <!-- Default suite -->
</testng-results>
